<?xml version="1.0" encoding="UTF-8" ?>
<testsuite failures="0" time="0.066" errors="0" skipped="6" tests="8" name="com.nono.assessment.ListTestCase">
  <properties>
    <property name="java.runtime.name" value="Java(TM) SE Runtime Environment"/>
    <property name="sun.boot.library.path" value="/usr/lib/jdk1.6.0_24/jre/lib/i386"/>
    <property name="java.vm.version" value="19.1-b02"/>
    <property name="java.vm.vendor" value="Sun Microsystems Inc."/>
    <property name="java.vendor.url" value="http://java.sun.com/"/>
    <property name="path.separator" value=":"/>
    <property name="java.vm.name" value="Java HotSpot(TM) Server VM"/>
    <property name="file.encoding.pkg" value="sun.io"/>
    <property name="user.country" value="US"/>
    <property name="sun.java.launcher" value="SUN_STANDARD"/>
    <property name="sun.os.patch.level" value="unknown"/>
    <property name="java.vm.specification.name" value="Java Virtual Machine Specification"/>
    <property name="user.dir" value="/home/nono/java/workspace/spring"/>
    <property name="java.runtime.version" value="1.6.0_24-b07"/>
    <property name="java.awt.graphicsenv" value="sun.awt.X11GraphicsEnvironment"/>
    <property name="basedir" value="/home/nono/java/workspace/spring"/>
    <property name="java.endorsed.dirs" value="/usr/lib/jdk1.6.0_24/jre/lib/endorsed"/>
    <property name="os.arch" value="i386"/>
    <property name="surefire.real.class.path" value="/home/nono/java/workspace/spring/target/surefire/surefirebooter9103384546093670356.jar"/>
    <property name="java.io.tmpdir" value="/tmp"/>
    <property name="line.separator" value="
"/>
    <property name="java.vm.specification.vendor" value="Sun Microsystems Inc."/>
    <property name="os.name" value="Linux"/>
    <property name="sun.jnu.encoding" value="UTF-8"/>
    <property name="java.library.path" value="/usr/lib/jdk1.6.0_24/jre/lib/i386/server:/usr/lib/jdk1.6.0_24/jre/lib/i386:/usr/lib/jdk1.6.0_24/jre/../lib/i386:/usr/lib/jdk1.6.0_24/jre/lib/i386/client:/usr/lib/jdk1.6.0_24/jre/lib/i386:/usr/lib/xulrunner-addons:/usr/lib/xulrunner-addons:/usr/java/packages/lib/i386:/lib:/usr/lib"/>
    <property name="surefire.test.class.path" value="/home/nono/java/workspace/spring/target/test-classes:/home/nono/java/workspace/spring/target/classes:/home/nono/.m2/repository/org/springframework/spring-core/3.0.0.RELEASE/spring-core-3.0.0.RELEASE.jar:/home/nono/.m2/repository/org/springframework/spring-asm/3.0.0.RELEASE/spring-asm-3.0.0.RELEASE.jar:/home/nono/.m2/repository/commons-logging/commons-logging/1.1.1/commons-logging-1.1.1.jar:/home/nono/.m2/repository/org/springframework/spring-beans/3.0.0.RELEASE/spring-beans-3.0.0.RELEASE.jar:/home/nono/.m2/repository/org/springframework/spring-aop/3.0.0.RELEASE/spring-aop-3.0.0.RELEASE.jar:/home/nono/.m2/repository/aopalliance/aopalliance/1.0/aopalliance-1.0.jar:/home/nono/.m2/repository/junit/junit/4.9/junit-4.9.jar:/home/nono/.m2/repository/org/hamcrest/hamcrest-core/1.1/hamcrest-core-1.1.jar:/home/nono/.m2/repository/org/springframework/spring-aspects/3.0.0.RELEASE/spring-aspects-3.0.0.RELEASE.jar:/home/nono/.m2/repository/org/springframework/spring-context/3.0.0.RELEASE/spring-context-3.0.0.RELEASE.jar:/home/nono/.m2/repository/org/springframework/spring-expression/3.0.0.RELEASE/spring-expression-3.0.0.RELEASE.jar:/home/nono/.m2/repository/log4j/log4j/1.2.12/log4j-1.2.12.jar:/home/nono/.m2/repository/opensymphony/quartz/1.6.2/quartz-1.6.2.jar:/home/nono/.m2/repository/org/springframework/spring-jdbc/3.0.0.RELEASE/spring-jdbc-3.0.0.RELEASE.jar:/home/nono/.m2/repository/org/springframework/spring-tx/3.0.0.RELEASE/spring-tx-3.0.0.RELEASE.jar:/home/nono/.m2/repository/org/springframework/spring-test/3.0.0.RELEASE/spring-test-3.0.0.RELEASE.jar:/home/nono/.m2/repository/cglib/cglib/2.1/cglib-2.1.jar:/home/nono/.m2/repository/asm/asm/1.5.3/asm-1.5.3.jar:/home/nono/.m2/repository/asm/asm-util/1.3.4/asm-util-1.3.4.jar:/home/nono/.m2/repository/aspectwerkz/aspectwerkz-core/0.8.1/aspectwerkz-core-0.8.1.jar:/home/nono/.m2/repository/org/aspectj/aspectjlib/1.6.1/aspectjlib-1.6.1.jar:/home/nono/.m2/repository/org/aspectj/aspectjrt/1.6.0/aspectjrt-1.6.0.jar:/home/nono/.m2/repository/commons-dbcp/commons-dbcp/1.4/commons-dbcp-1.4.jar:/home/nono/.m2/repository/commons-pool/commons-pool/1.5.4/commons-pool-1.5.4.jar:/home/nono/.m2/repository/org/springframework/spring-context-support/3.0.0.RELEASE/spring-context-support-3.0.0.RELEASE.jar:/home/nono/.m2/repository/aspectj/aspectjweaver/1.5.3/aspectjweaver-1.5.3.jar:/home/nono/.m2/repository/commons-collections/commons-collections/3.0/commons-collections-3.0.jar:"/>
    <property name="java.specification.name" value="Java Platform API Specification"/>
    <property name="java.class.version" value="50.0"/>
    <property name="sun.management.compiler" value="HotSpot Tiered Compilers"/>
    <property name="os.version" value="3.2.0-32-generic-pae"/>
    <property name="user.home" value="/home/nono"/>
    <property name="user.timezone" value="Asia/Shanghai"/>
    <property name="java.awt.printerjob" value="sun.print.PSPrinterJob"/>
    <property name="file.encoding" value="UTF-8"/>
    <property name="java.specification.version" value="1.6"/>
    <property name="user.name" value="nono"/>
    <property name="java.class.path" value="/home/nono/java/workspace/spring/target/test-classes:/home/nono/java/workspace/spring/target/classes:/home/nono/.m2/repository/org/springframework/spring-core/3.0.0.RELEASE/spring-core-3.0.0.RELEASE.jar:/home/nono/.m2/repository/org/springframework/spring-asm/3.0.0.RELEASE/spring-asm-3.0.0.RELEASE.jar:/home/nono/.m2/repository/commons-logging/commons-logging/1.1.1/commons-logging-1.1.1.jar:/home/nono/.m2/repository/org/springframework/spring-beans/3.0.0.RELEASE/spring-beans-3.0.0.RELEASE.jar:/home/nono/.m2/repository/org/springframework/spring-aop/3.0.0.RELEASE/spring-aop-3.0.0.RELEASE.jar:/home/nono/.m2/repository/aopalliance/aopalliance/1.0/aopalliance-1.0.jar:/home/nono/.m2/repository/junit/junit/4.9/junit-4.9.jar:/home/nono/.m2/repository/org/hamcrest/hamcrest-core/1.1/hamcrest-core-1.1.jar:/home/nono/.m2/repository/org/springframework/spring-aspects/3.0.0.RELEASE/spring-aspects-3.0.0.RELEASE.jar:/home/nono/.m2/repository/org/springframework/spring-context/3.0.0.RELEASE/spring-context-3.0.0.RELEASE.jar:/home/nono/.m2/repository/org/springframework/spring-expression/3.0.0.RELEASE/spring-expression-3.0.0.RELEASE.jar:/home/nono/.m2/repository/log4j/log4j/1.2.12/log4j-1.2.12.jar:/home/nono/.m2/repository/opensymphony/quartz/1.6.2/quartz-1.6.2.jar:/home/nono/.m2/repository/org/springframework/spring-jdbc/3.0.0.RELEASE/spring-jdbc-3.0.0.RELEASE.jar:/home/nono/.m2/repository/org/springframework/spring-tx/3.0.0.RELEASE/spring-tx-3.0.0.RELEASE.jar:/home/nono/.m2/repository/org/springframework/spring-test/3.0.0.RELEASE/spring-test-3.0.0.RELEASE.jar:/home/nono/.m2/repository/cglib/cglib/2.1/cglib-2.1.jar:/home/nono/.m2/repository/asm/asm/1.5.3/asm-1.5.3.jar:/home/nono/.m2/repository/asm/asm-util/1.3.4/asm-util-1.3.4.jar:/home/nono/.m2/repository/aspectwerkz/aspectwerkz-core/0.8.1/aspectwerkz-core-0.8.1.jar:/home/nono/.m2/repository/org/aspectj/aspectjlib/1.6.1/aspectjlib-1.6.1.jar:/home/nono/.m2/repository/org/aspectj/aspectjrt/1.6.0/aspectjrt-1.6.0.jar:/home/nono/.m2/repository/commons-dbcp/commons-dbcp/1.4/commons-dbcp-1.4.jar:/home/nono/.m2/repository/commons-pool/commons-pool/1.5.4/commons-pool-1.5.4.jar:/home/nono/.m2/repository/org/springframework/spring-context-support/3.0.0.RELEASE/spring-context-support-3.0.0.RELEASE.jar:/home/nono/.m2/repository/aspectj/aspectjweaver/1.5.3/aspectjweaver-1.5.3.jar:/home/nono/.m2/repository/commons-collections/commons-collections/3.0/commons-collections-3.0.jar:"/>
    <property name="java.vm.specification.version" value="1.0"/>
    <property name="sun.arch.data.model" value="32"/>
    <property name="java.home" value="/usr/lib/jdk1.6.0_24/jre"/>
    <property name="java.specification.vendor" value="Sun Microsystems Inc."/>
    <property name="user.language" value="en"/>
    <property name="java.vm.info" value="mixed mode"/>
    <property name="java.version" value="1.6.0_24"/>
    <property name="java.ext.dirs" value="/usr/lib/jdk1.6.0_24/jre/lib/ext:/usr/java/packages/lib/ext"/>
    <property name="sun.boot.class.path" value="/usr/lib/jdk1.6.0_24/jre/lib/resources.jar:/usr/lib/jdk1.6.0_24/jre/lib/rt.jar:/usr/lib/jdk1.6.0_24/jre/lib/sunrsasign.jar:/usr/lib/jdk1.6.0_24/jre/lib/jsse.jar:/usr/lib/jdk1.6.0_24/jre/lib/jce.jar:/usr/lib/jdk1.6.0_24/jre/lib/charsets.jar:/usr/lib/jdk1.6.0_24/jre/lib/modules/jdk.boot.jar:/usr/lib/jdk1.6.0_24/jre/classes"/>
    <property name="java.vendor" value="Sun Microsystems Inc."/>
    <property name="localRepository" value="/home/nono/.m2/repository"/>
    <property name="file.separator" value="/"/>
    <property name="java.vendor.url.bug" value="http://java.sun.com/cgi-bin/bugreport.cgi"/>
    <property name="sun.cpu.endian" value="little"/>
    <property name="sun.io.unicode.encoding" value="UnicodeLittle"/>
    <property name="sun.desktop" value="gnome"/>
    <property name="sun.cpu.isalist" value=""/>
  </properties>
  <testcase time="0" classname="com.nono.assessment.ListTestCase" name="testSubList">
    <skipped/>
  </testcase>
  <testcase time="0" classname="com.nono.assessment.ListTestCase" name="arrayTest">
    <skipped/>
  </testcase>
  <testcase time="0.001" classname="com.nono.assessment.ListTestCase" name="intTest">
    <skipped/>
  </testcase>
  <testcase time="0.001" classname="com.nono.assessment.ListTestCase" name="mapTest">
    <skipped/>
  </testcase>
  <testcase time="0.001" classname="com.nono.assessment.ListTestCase" name="sortTest">
    <skipped/>
  </testcase>
  <testcase time="0.001" classname="com.nono.assessment.ListTestCase" name="queueTest">
    <skipped/>
  </testcase>
  <testcase time="0" classname="com.nono.assessment.ListTestCase" name="stringTest"/>
  <testcase time="0.001" classname="com.nono.assessment.ListTestCase" name="arrayTest2"/>
</testsuite>